<?xml version="1.0" encoding="UTF-8"?>
<!-- Generated by org.testng.reporters.JUnitReportReporter -->
<testsuite hostname="DESKTOP-SSJ1EB0" name="test.Test99GuruLogin" tests="1" failures="0" timestamp="26 Nov 2020 16:13:33 GMT" time="3.696" errors="0">
  <testcase name="test_Home_Page_Appear_Correct" time="3.696" classname="test.Test99GuruLogin"/>
</testsuite> <!-- test.Test99GuruLogin -->
